<?xml version="1.0" encoding="UTF-8"?>
<testng-results skipped="0" failed="3" ignored="0" total="4" passed="1">
  <reporter-output>
    <line>
      <![CDATA[<a href='/Users/shadmanshahriyar/Documents/qaClass/java/newJava/dunkin/test-output/screenshots/Homepage_59-04-2018_05:59:55.png'><img src='/Users/shadmanshahriyar/Documents/qaClass/java/newJava/dunkin/test-output/screenshots/Homepage_59-04-2018_05:59:55.png' height='100' width='100'/></a>]]>
    </line>
    <line>
      <![CDATA[<a href='/Users/shadmanshahriyar/Documents/qaClass/java/newJava/dunkin/test-output/screenshots/SignInPage_59-04-2018_05:59:59.png'><img src='/Users/shadmanshahriyar/Documents/qaClass/java/newJava/dunkin/test-output/screenshots/SignInPage_59-04-2018_05:59:59.png' height='100' width='100'/></a>]]>
    </line>
    <line>
      <![CDATA[<a href='/Users/shadmanshahriyar/Documents/qaClass/java/newJava/dunkin/test-output/screenshots/testWithLoginCredentials_00-04-2018_06:00:02.png'><img src='/Users/shadmanshahriyar/Documents/qaClass/java/newJava/dunkin/test-output/screenshots/testWithLoginCredentials_00-04-2018_06:00:02.png' height='100' width='100'/></a>]]>
    </line>
    <line>
      <![CDATA[<a href='/Users/shadmanshahriyar/Documents/qaClass/java/newJava/dunkin/test-output/screenshots/testWithLoginCredentials_00-04-2018_06:00:03.png'><img src='/Users/shadmanshahriyar/Documents/qaClass/java/newJava/dunkin/test-output/screenshots/testWithLoginCredentials_00-04-2018_06:00:03.png' height='100' width='100'/></a>]]>
    </line>
    <line>
      <![CDATA[<a href='/Users/shadmanshahriyar/Documents/qaClass/java/newJava/dunkin/test-output/screenshots/testWithLoginCredentials_00-04-2018_06:00:04.png'><img src='/Users/shadmanshahriyar/Documents/qaClass/java/newJava/dunkin/test-output/screenshots/testWithLoginCredentials_00-04-2018_06:00:04.png' height='100' width='100'/></a>]]>
    </line>
  </reporter-output>
  <suite name="Default suite" duration-ms="17163" started-at="2018-12-04T22:59:48Z" finished-at="2018-12-04T23:00:05Z">
    <groups>
    </groups>
    <test name="Default test" duration-ms="17163" started-at="2018-12-04T22:59:48Z" finished-at="2018-12-04T23:00:05Z">
      <class name="com.dunkin.shadman.onlineStore.testScripts.homepage.SignInTest">
        <test-method status="PASS" signature="beforeSuite()[pri:0, instance:com.dunkin.shadman.onlineStore.testScripts.homepage.SignInTest@6e6c3152]" name="beforeSuite" is-config="true" duration-ms="216" started-at="2018-12-04T17:59:48Z" finished-at="2018-12-04T17:59:48Z">
          <reporter-output>
          </reporter-output>
        </test-method> <!-- beforeSuite -->
        <test-method status="PASS" signature="beforeTest()[pri:0, instance:com.dunkin.shadman.onlineStore.testScripts.homepage.SignInTest@6e6c3152]" name="beforeTest" is-config="true" duration-ms="2664" started-at="2018-12-04T17:59:48Z" finished-at="2018-12-04T17:59:51Z">
          <reporter-output>
          </reporter-output>
        </test-method> <!-- beforeTest -->
        <test-method status="PASS" signature="beforeClass()[pri:0, instance:com.dunkin.shadman.onlineStore.testScripts.homepage.SignInTest@6e6c3152]" name="beforeClass" is-config="true" duration-ms="4" started-at="2018-12-04T17:59:51Z" finished-at="2018-12-04T17:59:51Z">
          <reporter-output>
          </reporter-output>
        </test-method> <!-- beforeClass -->
        <test-method status="PASS" signature="beforeMethod(java.lang.reflect.Method)[pri:0, instance:com.dunkin.shadman.onlineStore.testScripts.homepage.SignInTest@6e6c3152]" name="beforeMethod" is-config="true" duration-ms="22" started-at="2018-12-04T17:59:51Z" finished-at="2018-12-04T17:59:51Z">
          <params>
            <param index="0">
              <value>
                <![CDATA[public void com.dunkin.shadman.onlineStore.testScripts.homepage.SignInTest.goingToSignInPage()]]>
              </value>
            </param>
          </params>
          <reporter-output>
          </reporter-output>
        </test-method> <!-- beforeMethod -->
        <test-method status="PASS" signature="goingToSignInPage()[pri:1, instance:com.dunkin.shadman.onlineStore.testScripts.homepage.SignInTest@6e6c3152]" name="goingToSignInPage" duration-ms="9200" started-at="2018-12-04T17:59:51Z" description="Going to login page from Homepage" finished-at="2018-12-04T18:00:00Z">
          <reporter-output>
            <line>
              <![CDATA[<a href='/Users/shadmanshahriyar/Documents/qaClass/java/newJava/dunkin/test-output/screenshots/Homepage_59-04-2018_05:59:55.png'><img src='/Users/shadmanshahriyar/Documents/qaClass/java/newJava/dunkin/test-output/screenshots/Homepage_59-04-2018_05:59:55.png' height='100' width='100'/></a>]]>
            </line>
            <line>
              <![CDATA[<a href='/Users/shadmanshahriyar/Documents/qaClass/java/newJava/dunkin/test-output/screenshots/SignInPage_59-04-2018_05:59:59.png'><img src='/Users/shadmanshahriyar/Documents/qaClass/java/newJava/dunkin/test-output/screenshots/SignInPage_59-04-2018_05:59:59.png' height='100' width='100'/></a>]]>
            </line>
          </reporter-output>
        </test-method> <!-- goingToSignInPage -->
        <test-method status="PASS" signature="afterMethod(org.testng.ITestResult)[pri:0, instance:com.dunkin.shadman.onlineStore.testScripts.homepage.SignInTest@6e6c3152]" name="afterMethod" is-config="true" duration-ms="315" started-at="2018-12-04T18:00:00Z" finished-at="2018-12-04T18:00:00Z">
          <params>
            <param index="0">
              <value>
                <![CDATA[[TestResult name=goingToSignInPage status=SUCCESS method=SignInTest.goingToSignInPage()[pri:1, instance:com.dunkin.shadman.onlineStore.testScripts.homepage.SignInTest@6e6c3152] output=<a href='/Users/shadmanshahriyar/Documents/qaClass/java/newJava/dunkin/test-output/screenshots/Homepage_59-04-2018_05:59:55.png'><img src='/Users/shadmanshahriyar/Documents/qaClass/java/newJava/dunkin/test-output/screenshots/Homepage_59-04-2018_05:59:55.png' height='100' width='100'/></a>]]]>
              </value>
            </param>
          </params>
          <reporter-output>
          </reporter-output>
        </test-method> <!-- afterMethod -->
        <test-method status="FAIL" signature="testWithLoginCredentials(java.lang.String, java.lang.String)[pri:2, instance:com.dunkin.shadman.onlineStore.testScripts.homepage.SignInTest@6e6c3152]" name="testWithLoginCredentials" duration-ms="917" started-at="2018-12-04T18:00:01Z" description="input the username and password" data-provider="logindata" finished-at="2018-12-04T18:00:02Z">
          <params>
            <param index="0">
              <value>
                <![CDATA[shadman]]>
              </value>
            </param>
            <param index="1">
              <value>
                <![CDATA[shadmanPass]]>
              </value>
            </param>
          </params>
          <exception class="junit.framework.AssertionFailedError">
            <message>
              <![CDATA[Error: incorrect credentials -> shadman | shadmanPass]]>
            </message>
            <full-stacktrace>
              <![CDATA[junit.framework.AssertionFailedError: Error: incorrect credentials -> shadman | shadmanPassat junit.framework.Assert.fail(Assert.java:47)at junit.framework.Assert.assertTrue(Assert.java:20)at com.dunkin.shadman.onlineStore.helper.assertion.AssertionHelper.makeFalse(AssertionHelper.java:58)at com.dunkin.shadman.onlineStore.testScripts.homepage.SignInTest.testWithLoginCredentials(SignInTest.java:38)at sun.reflect.NativeMethodAccessorImpl.invoke0(Native Method)at sun.reflect.NativeMethodAccessorImpl.invoke(NativeMethodAccessorImpl.java:62)at sun.reflect.DelegatingMethodAccessorImpl.invoke(DelegatingMethodAccessorImpl.java:43)at java.lang.reflect.Method.invoke(Method.java:498)at org.testng.internal.MethodInvocationHelper.invokeMethod(MethodInvocationHelper.java:124)at org.testng.internal.Invoker.invokeMethod(Invoker.java:571)at org.testng.internal.Invoker.invokeTestMethod(Invoker.java:707)at org.testng.internal.Invoker.invokeTestMethods(Invoker.java:979)at org.testng.internal.TestMethodWorker.invokeTestMethods(TestMethodWorker.java:125)at org.testng.internal.TestMethodWorker.run(TestMethodWorker.java:109)at org.testng.TestRunner.privateRun(TestRunner.java:648)at org.testng.TestRunner.run(TestRunner.java:505)at org.testng.SuiteRunner.runTest(SuiteRunner.java:455)at org.testng.SuiteRunner.runSequentially(SuiteRunner.java:450)at org.testng.SuiteRunner.privateRun(SuiteRunner.java:415)at org.testng.SuiteRunner.run(SuiteRunner.java:364)at org.testng.SuiteRunnerWorker.runSuite(SuiteRunnerWorker.java:52)at org.testng.SuiteRunnerWorker.run(SuiteRunnerWorker.java:84)at org.testng.TestNG.runSuitesSequentially(TestNG.java:1187)at org.testng.TestNG.runSuitesLocally(TestNG.java:1116)at org.testng.TestNG.runSuites(TestNG.java:1028)at org.testng.TestNG.run(TestNG.java:996)at org.testng.remote.AbstractRemoteTestNG.run(AbstractRemoteTestNG.java:114)at org.testng.remote.RemoteTestNG.initAndRun(RemoteTestNG.java:251)at org.testng.remote.RemoteTestNG.main(RemoteTestNG.java:77)]]>
            </full-stacktrace>
          </exception> <!-- junit.framework.AssertionFailedError -->
          <reporter-output>
          </reporter-output>
        </test-method> <!-- testWithLoginCredentials -->
        <test-method status="PASS" signature="beforeMethod(java.lang.reflect.Method)[pri:0, instance:com.dunkin.shadman.onlineStore.testScripts.homepage.SignInTest@6e6c3152]" name="beforeMethod" is-config="true" duration-ms="0" started-at="2018-12-04T18:00:01Z" finished-at="2018-12-04T18:00:01Z">
          <params>
            <param index="0">
              <value>
                <![CDATA[public void com.dunkin.shadman.onlineStore.testScripts.homepage.SignInTest.testWithLoginCredentials(java.lang.String,java.lang.String)]]>
              </value>
            </param>
          </params>
          <reporter-output>
          </reporter-output>
        </test-method> <!-- beforeMethod -->
        <test-method status="PASS" signature="afterMethod(org.testng.ITestResult)[pri:0, instance:com.dunkin.shadman.onlineStore.testScripts.homepage.SignInTest@6e6c3152]" name="afterMethod" is-config="true" duration-ms="640" started-at="2018-12-04T18:00:02Z" finished-at="2018-12-04T18:00:03Z">
          <params>
            <param index="0">
              <value>
                <![CDATA[[TestResult name=testWithLoginCredentials status=FAILURE method=SignInTest.testWithLoginCredentials(java.lang.String, java.lang.String)[pri:2, instance:com.dunkin.shadman.onlineStore.testScripts.homepage.SignInTest@6e6c3152] output={null}]]]>
              </value>
            </param>
          </params>
          <reporter-output>
            <line>
              <![CDATA[<a href='/Users/shadmanshahriyar/Documents/qaClass/java/newJava/dunkin/test-output/screenshots/testWithLoginCredentials_00-04-2018_06:00:02.png'><img src='/Users/shadmanshahriyar/Documents/qaClass/java/newJava/dunkin/test-output/screenshots/testWithLoginCredentials_00-04-2018_06:00:02.png' height='100' width='100'/></a>]]>
            </line>
          </reporter-output>
        </test-method> <!-- afterMethod -->
        <test-method status="PASS" signature="beforeMethod(java.lang.reflect.Method)[pri:0, instance:com.dunkin.shadman.onlineStore.testScripts.homepage.SignInTest@6e6c3152]" name="beforeMethod" is-config="true" duration-ms="0" started-at="2018-12-04T18:00:03Z" finished-at="2018-12-04T18:00:03Z">
          <params>
            <param index="0">
              <value>
                <![CDATA[public void com.dunkin.shadman.onlineStore.testScripts.homepage.SignInTest.testWithLoginCredentials(java.lang.String,java.lang.String)]]>
              </value>
            </param>
          </params>
          <reporter-output>
          </reporter-output>
        </test-method> <!-- beforeMethod -->
        <test-method status="FAIL" signature="testWithLoginCredentials(java.lang.String, java.lang.String)[pri:2, instance:com.dunkin.shadman.onlineStore.testScripts.homepage.SignInTest@6e6c3152]" name="testWithLoginCredentials" duration-ms="659" started-at="2018-12-04T18:00:03Z" description="input the username and password" data-provider="logindata" finished-at="2018-12-04T18:00:03Z">
          <params>
            <param index="0">
              <value>
                <![CDATA[saleh]]>
              </value>
            </param>
            <param index="1">
              <value>
                <![CDATA[Pass]]>
              </value>
            </param>
          </params>
          <exception class="junit.framework.AssertionFailedError">
            <message>
              <![CDATA[Error: incorrect credentials -> saleh | Pass]]>
            </message>
            <full-stacktrace>
              <![CDATA[junit.framework.AssertionFailedError: Error: incorrect credentials -> saleh | Passat junit.framework.Assert.fail(Assert.java:47)at junit.framework.Assert.assertTrue(Assert.java:20)at com.dunkin.shadman.onlineStore.helper.assertion.AssertionHelper.makeFalse(AssertionHelper.java:58)at com.dunkin.shadman.onlineStore.testScripts.homepage.SignInTest.testWithLoginCredentials(SignInTest.java:38)at sun.reflect.NativeMethodAccessorImpl.invoke0(Native Method)at sun.reflect.NativeMethodAccessorImpl.invoke(NativeMethodAccessorImpl.java:62)at sun.reflect.DelegatingMethodAccessorImpl.invoke(DelegatingMethodAccessorImpl.java:43)at java.lang.reflect.Method.invoke(Method.java:498)at org.testng.internal.MethodInvocationHelper.invokeMethod(MethodInvocationHelper.java:124)at org.testng.internal.Invoker.invokeMethod(Invoker.java:571)at org.testng.internal.Invoker.invokeTestMethod(Invoker.java:707)at org.testng.internal.Invoker.invokeTestMethods(Invoker.java:979)at org.testng.internal.TestMethodWorker.invokeTestMethods(TestMethodWorker.java:125)at org.testng.internal.TestMethodWorker.run(TestMethodWorker.java:109)at org.testng.TestRunner.privateRun(TestRunner.java:648)at org.testng.TestRunner.run(TestRunner.java:505)at org.testng.SuiteRunner.runTest(SuiteRunner.java:455)at org.testng.SuiteRunner.runSequentially(SuiteRunner.java:450)at org.testng.SuiteRunner.privateRun(SuiteRunner.java:415)at org.testng.SuiteRunner.run(SuiteRunner.java:364)at org.testng.SuiteRunnerWorker.runSuite(SuiteRunnerWorker.java:52)at org.testng.SuiteRunnerWorker.run(SuiteRunnerWorker.java:84)at org.testng.TestNG.runSuitesSequentially(TestNG.java:1187)at org.testng.TestNG.runSuitesLocally(TestNG.java:1116)at org.testng.TestNG.runSuites(TestNG.java:1028)at org.testng.TestNG.run(TestNG.java:996)at org.testng.remote.AbstractRemoteTestNG.run(AbstractRemoteTestNG.java:114)at org.testng.remote.RemoteTestNG.initAndRun(RemoteTestNG.java:251)at org.testng.remote.RemoteTestNG.main(RemoteTestNG.java:77)]]>
            </full-stacktrace>
          </exception> <!-- junit.framework.AssertionFailedError -->
          <reporter-output>
          </reporter-output>
        </test-method> <!-- testWithLoginCredentials -->
        <test-method status="PASS" signature="afterMethod(org.testng.ITestResult)[pri:0, instance:com.dunkin.shadman.onlineStore.testScripts.homepage.SignInTest@6e6c3152]" name="afterMethod" is-config="true" duration-ms="565" started-at="2018-12-04T18:00:03Z" finished-at="2018-12-04T18:00:04Z">
          <params>
            <param index="0">
              <value>
                <![CDATA[[TestResult name=testWithLoginCredentials status=FAILURE method=SignInTest.testWithLoginCredentials(java.lang.String, java.lang.String)[pri:2, instance:com.dunkin.shadman.onlineStore.testScripts.homepage.SignInTest@6e6c3152] output={null}]]]>
              </value>
            </param>
          </params>
          <reporter-output>
            <line>
              <![CDATA[<a href='/Users/shadmanshahriyar/Documents/qaClass/java/newJava/dunkin/test-output/screenshots/testWithLoginCredentials_00-04-2018_06:00:03.png'><img src='/Users/shadmanshahriyar/Documents/qaClass/java/newJava/dunkin/test-output/screenshots/testWithLoginCredentials_00-04-2018_06:00:03.png' height='100' width='100'/></a>]]>
            </line>
          </reporter-output>
        </test-method> <!-- afterMethod -->
        <test-method status="PASS" signature="beforeMethod(java.lang.reflect.Method)[pri:0, instance:com.dunkin.shadman.onlineStore.testScripts.homepage.SignInTest@6e6c3152]" name="beforeMethod" is-config="true" duration-ms="0" started-at="2018-12-04T18:00:04Z" finished-at="2018-12-04T18:00:04Z">
          <params>
            <param index="0">
              <value>
                <![CDATA[public void com.dunkin.shadman.onlineStore.testScripts.homepage.SignInTest.testWithLoginCredentials(java.lang.String,java.lang.String)]]>
              </value>
            </param>
          </params>
          <reporter-output>
          </reporter-output>
        </test-method> <!-- beforeMethod -->
        <test-method status="FAIL" signature="testWithLoginCredentials(java.lang.String, java.lang.String)[pri:2, instance:com.dunkin.shadman.onlineStore.testScripts.homepage.SignInTest@6e6c3152]" name="testWithLoginCredentials" duration-ms="644" started-at="2018-12-04T18:00:04Z" description="input the username and password" data-provider="logindata" finished-at="2018-12-04T18:00:04Z">
          <params>
            <param index="0">
              <value>
                <![CDATA[shahriyar]]>
              </value>
            </param>
            <param index="1">
              <value>
                <![CDATA[shahriyarPass]]>
              </value>
            </param>
          </params>
          <exception class="junit.framework.AssertionFailedError">
            <message>
              <![CDATA[Error: incorrect credentials -> shahriyar | shahriyarPass]]>
            </message>
            <full-stacktrace>
              <![CDATA[junit.framework.AssertionFailedError: Error: incorrect credentials -> shahriyar | shahriyarPassat junit.framework.Assert.fail(Assert.java:47)at junit.framework.Assert.assertTrue(Assert.java:20)at com.dunkin.shadman.onlineStore.helper.assertion.AssertionHelper.makeFalse(AssertionHelper.java:58)at com.dunkin.shadman.onlineStore.testScripts.homepage.SignInTest.testWithLoginCredentials(SignInTest.java:38)at sun.reflect.NativeMethodAccessorImpl.invoke0(Native Method)at sun.reflect.NativeMethodAccessorImpl.invoke(NativeMethodAccessorImpl.java:62)at sun.reflect.DelegatingMethodAccessorImpl.invoke(DelegatingMethodAccessorImpl.java:43)at java.lang.reflect.Method.invoke(Method.java:498)at org.testng.internal.MethodInvocationHelper.invokeMethod(MethodInvocationHelper.java:124)at org.testng.internal.Invoker.invokeMethod(Invoker.java:571)at org.testng.internal.Invoker.invokeTestMethod(Invoker.java:707)at org.testng.internal.Invoker.invokeTestMethods(Invoker.java:979)at org.testng.internal.TestMethodWorker.invokeTestMethods(TestMethodWorker.java:125)at org.testng.internal.TestMethodWorker.run(TestMethodWorker.java:109)at org.testng.TestRunner.privateRun(TestRunner.java:648)at org.testng.TestRunner.run(TestRunner.java:505)at org.testng.SuiteRunner.runTest(SuiteRunner.java:455)at org.testng.SuiteRunner.runSequentially(SuiteRunner.java:450)at org.testng.SuiteRunner.privateRun(SuiteRunner.java:415)at org.testng.SuiteRunner.run(SuiteRunner.java:364)at org.testng.SuiteRunnerWorker.runSuite(SuiteRunnerWorker.java:52)at org.testng.SuiteRunnerWorker.run(SuiteRunnerWorker.java:84)at org.testng.TestNG.runSuitesSequentially(TestNG.java:1187)at org.testng.TestNG.runSuitesLocally(TestNG.java:1116)at org.testng.TestNG.runSuites(TestNG.java:1028)at org.testng.TestNG.run(TestNG.java:996)at org.testng.remote.AbstractRemoteTestNG.run(AbstractRemoteTestNG.java:114)at org.testng.remote.RemoteTestNG.initAndRun(RemoteTestNG.java:251)at org.testng.remote.RemoteTestNG.main(RemoteTestNG.java:77)]]>
            </full-stacktrace>
          </exception> <!-- junit.framework.AssertionFailedError -->
          <reporter-output>
          </reporter-output>
        </test-method> <!-- testWithLoginCredentials -->
        <test-method status="PASS" signature="afterMethod(org.testng.ITestResult)[pri:0, instance:com.dunkin.shadman.onlineStore.testScripts.homepage.SignInTest@6e6c3152]" name="afterMethod" is-config="true" duration-ms="591" started-at="2018-12-04T18:00:04Z" finished-at="2018-12-04T18:00:05Z">
          <params>
            <param index="0">
              <value>
                <![CDATA[[TestResult name=testWithLoginCredentials status=FAILURE method=SignInTest.testWithLoginCredentials(java.lang.String, java.lang.String)[pri:2, instance:com.dunkin.shadman.onlineStore.testScripts.homepage.SignInTest@6e6c3152] output={null}]]]>
              </value>
            </param>
          </params>
          <reporter-output>
            <line>
              <![CDATA[<a href='/Users/shadmanshahriyar/Documents/qaClass/java/newJava/dunkin/test-output/screenshots/testWithLoginCredentials_00-04-2018_06:00:04.png'><img src='/Users/shadmanshahriyar/Documents/qaClass/java/newJava/dunkin/test-output/screenshots/testWithLoginCredentials_00-04-2018_06:00:04.png' height='100' width='100'/></a>]]>
            </line>
          </reporter-output>
        </test-method> <!-- afterMethod -->
        <test-method status="PASS" signature="afterTest()[pri:0, instance:com.dunkin.shadman.onlineStore.testScripts.homepage.SignInTest@6e6c3152]" name="afterTest" is-config="true" duration-ms="168" started-at="2018-12-04T18:00:05Z" finished-at="2018-12-04T18:00:05Z">
          <reporter-output>
          </reporter-output>
        </test-method> <!-- afterTest -->
      </class> <!-- com.dunkin.shadman.onlineStore.testScripts.homepage.SignInTest -->
    </test> <!-- Default test -->
  </suite> <!-- Default suite -->
</testng-results>
